readlink: missing operand
Try 'readlink --help' for more information.

--notebook-dir=/ihme/homes/lutzes/vivarium_research_nih_us_cvd
WARNING: Insecure writes have been enabled via environment variable 'JUPYTER_ALLOW_INSECURE_WRITES'! If this is not intended, remove the variable or set its value to 'False'.
[I 2023-03-27 10:48:16.281 ServerApp] jupyterlab | extension was successfully linked.
[W 2023-03-27 10:48:16.285 NotebookApp] 'ip' has moved from NotebookApp to ServerApp. This config will be passed to ServerApp. Be sure to update your config before our next release.
[W 2023-03-27 10:48:16.285 NotebookApp] 'port' has moved from NotebookApp to ServerApp. This config will be passed to ServerApp. Be sure to update your config before our next release.
[W 2023-03-27 10:48:16.285 NotebookApp] 'certfile' has moved from NotebookApp to ServerApp. This config will be passed to ServerApp. Be sure to update your config before our next release.
[W 2023-03-27 10:48:16.285 NotebookApp] 'notebook_dir' has moved from NotebookApp to ServerApp. This config will be passed to ServerApp. Be sure to update your config before our next release.
[W 2023-03-27 10:48:16.285 NotebookApp] 'notebook_dir' has moved from NotebookApp to ServerApp. This config will be passed to ServerApp. Be sure to update your config before our next release.
[W 2023-03-27 10:48:16.285 NotebookApp] 'password' has moved from NotebookApp to ServerApp. This config will be passed to ServerApp. Be sure to update your config before our next release.
[I 2023-03-27 10:48:16.290 ServerApp] nbclassic | extension was successfully linked.
[I 2023-03-27 10:48:16.566 ServerApp] notebook_shim | extension was successfully linked.
[I 2023-03-27 10:48:16.604 ServerApp] notebook_shim | extension was successfully loaded.
[I 2023-03-27 10:48:16.605 LabApp] JupyterLab extension loaded from /ihme/homes/lutzes/.conda/envs/vivarium_nih_us_cvd/lib/python3.8/site-packages/jupyterlab
[I 2023-03-27 10:48:16.605 LabApp] JupyterLab application directory is /mnt/share/homes/lutzes/.conda/envs/vivarium_nih_us_cvd/share/jupyter/lab
[I 2023-03-27 10:48:16.608 ServerApp] jupyterlab | extension was successfully loaded.
[I 2023-03-27 10:48:16.612 ServerApp] nbclassic | extension was successfully loaded.
[I 2023-03-27 10:48:16.612 ServerApp] The port 28613 is already in use, trying another port.
[I 2023-03-27 10:48:16.613 ServerApp] Serving notebooks from local directory: /ihme/homes/lutzes/vivarium_research_nih_us_cvd
[I 2023-03-27 10:48:16.613 ServerApp] Jupyter Server 1.18.1 is running at:
[I 2023-03-27 10:48:16.613 ServerApp] https://int-slurm-sarchive-p0002:28614/lab
[I 2023-03-27 10:48:16.613 ServerApp]  or https://127.0.0.1:28614/lab
[I 2023-03-27 10:48:16.613 ServerApp] Use Control-C to stop this server and shut down all kernels (twice to skip confirmation).
Refresh (1 sec) https://int-slurm-sarchive-p0002:28614/lab

This page should redirect you to a Jupyter application. If it doesn't, click
here to go to Jupyter.

slurmstepd: error: *** JOB 64701354 ON int-slurm-sarchive-p0002 CANCELLED AT 2023-04-01T10:48:25 DUE TO TIME LIMIT ***
